# Generated by the VisualDSP++ IDDE (Tue Jan 01 04:45:28 2002)
# Project File: F:\2012011018\project\project.dpj

"d:\Program Files\Analog Devices\VisualDSP 4.5\ccblkfn.exe" -c .\dtmf_irr.c -file-attr ProjectName=project -g -structs-do-not-overlap -no-multiline -double-size-32 -decls-strong -warn-protos -si-revision 0.5 -proc ADSP-BF533 -o .\Debug\dtmf_irr.doj -MM
"d:\Program Files\Analog Devices\VisualDSP 4.5\easmblkfn.exe" .\fir.asm -proc ADSP-BF533 -g -si-revision 0.5 -o .\Debug\fir.doj -MM
"d:\Program Files\Analog Devices\VisualDSP 4.5\ccblkfn.exe" -c .\Initialize.c -file-attr ProjectName=project -g -structs-do-not-overlap -no-multiline -double-size-32 -decls-strong -warn-protos -si-revision 0.5 -proc ADSP-BF533 -o .\Debug\Initialize.doj -MM
"d:\Program Files\Analog Devices\VisualDSP 4.5\ccblkfn.exe" -c .\ISR.c -file-attr ProjectName=project -g -structs-do-not-overlap -no-multiline -double-size-32 -decls-strong -warn-protos -si-revision 0.5 -proc ADSP-BF533 -o .\Debug\ISR.doj -MM
"mds_def.h", line 19: cc0301: {D} warning: typedef name has already been
          declared (with same type)
  typedefshortfract16;
              ^

"mds_def.h", line 20: cc0301: {D} warning: typedef name has already been
          declared (with same type)
  typedef longfract32;
              ^

"ISR.c", line 24: cc0001: {D} warning: last line of file ends without a newline
  }
   ^

"d:\Program Files\Analog Devices\VisualDSP 4.5\ccblkfn.exe" -c .\main.c -file-attr ProjectName=project -g -structs-do-not-overlap -no-multiline -double-size-32 -decls-strong -warn-protos -si-revision 0.5 -proc ADSP-BF533 -o .\Debug\main.doj -MM
"d:\Program Files\Analog Devices\VisualDSP 4.5\Blackfin\include\fract_typedef.h", line 18: cc0301: {D} warning: 
          typedef name has already been declared (with same type)
  typedef short fract16;
                ^

"d:\Program Files\Analog Devices\VisualDSP 4.5\Blackfin\include\fract_typedef.h", line 19: cc0301: {D} warning: 
          typedef name has already been declared (with same type)
  typedef long  fract32;
                ^

"main.c", line 154: cc1080: {D} warning: Function does not have a full
          prototype
  printf("SW4/PF8 pressed down\n");
  ^

"main.c", line 162: cc1080: {D} warning: Function does not have a full
          prototype
  printf("SW4/PF8 released\n");}
  ^

"d:\Program Files\Analog Devices\VisualDSP 4.5\ccblkfn.exe" -c .\Process_data.c -file-attr ProjectName=project -g -structs-do-not-overlap -no-multiline -double-size-32 -decls-strong -warn-protos -si-revision 0.5 -proc ADSP-BF533 -o .\Debug\Process_data.doj -MM
"mds_def.h", line 19: cc0301: {D} warning: typedef name has already been
          declared (with same type)
  typedefshortfract16;
              ^

"mds_def.h", line 20: cc0301: {D} warning: typedef name has already been
          declared (with same type)
  typedef longfract32;
              ^

"d:\Program Files\Analog Devices\VisualDSP 4.5\ccblkfn.exe" .\Debug\dtmf_irr.doj .\Debug\fir.doj .\Debug\Initialize.doj .\Debug\ISR.doj .\Debug\main.doj .\Debug\Process_data.doj -L .\Debug -flags-link -MDUSE_CACHE -flags-link -od,.\Debug -o .\Debug\project.dxe -proc ADSP-BF533 -si-revision 0.5 -MM
