This is pdfTeX, Version 3.1415926-2.5-1.40.14 (TeX Live 2013/Debian) (format=pdflatex 2015.4.19)  20 NOV 2015 22:14
entering extended mode
 restricted \write18 enabled.
 %&-line parsing enabled.
**report1.tex
(./report1.tex
LaTeX2e <2011/06/27>
Babel <3.9h> and hyphenation patterns for 78 languages loaded.
(/usr/share/texlive/texmf-dist/tex/latex/base/article.cls
Document Class: article 2007/10/19 v1.4h Standard LaTeX document class
(/usr/share/texlive/texmf-dist/tex/latex/base/size10.clo
File: size10.clo 2007/10/19 v1.4h Standard LaTeX file (size option)
)
\c@part=\count79
\c@section=\count80
\c@subsection=\count81
\c@subsubsection=\count82
\c@paragraph=\count83
\c@subparagraph=\count84
\c@figure=\count85
\c@table=\count86
\abovecaptionskip=\skip41
\belowcaptionskip=\skip42
\bibindent=\dimen102
)
(/usr/share/texmf/tex/latex/CJK/CJKutf8.sty
Package: CJKutf8 2012/05/07 4.8.3

(/usr/share/texlive/texmf-dist/tex/generic/oberdiek/ifpdf.sty
Package: ifpdf 2011/01/30 v2.3 Provides the ifpdf switch (HO)
Package ifpdf Info: pdfTeX in PDF mode is detected.
)
(/usr/share/texlive/texmf-dist/tex/latex/base/inputenc.sty
Package: inputenc 2008/03/30 v1.1d Input encoding file
\inpenc@prehook=\toks14
\inpenc@posthook=\toks15

(/usr/share/texlive/texmf-dist/tex/latex/base/utf8.def
File: utf8.def 2008/04/05 v1.1m UTF-8 support for inputenc
Now handling font encoding OML ...
... no UTF-8 mapping file for font encoding OML
Now handling font encoding T1 ...
... processing UTF-8 mapping file for font encoding T1

(/usr/share/texlive/texmf-dist/tex/latex/base/t1enc.dfu
File: t1enc.dfu 2008/04/05 v1.1m UTF-8 support for inputenc
   defining Unicode char U+00A1 (decimal 161)
   defining Unicode char U+00A3 (decimal 163)
   defining Unicode char U+00AB (decimal 171)
   defining Unicode char U+00BB (decimal 187)
   defining Unicode char U+00BF (decimal 191)
   defining Unicode char U+00C0 (decimal 192)
   defining Unicode char U+00C1 (decimal 193)
   defining Unicode char U+00C2 (decimal 194)
   defining Unicode char U+00C3 (decimal 195)
   defining Unicode char U+00C4 (decimal 196)
   defining Unicode char U+00C5 (decimal 197)
   defining Unicode char U+00C6 (decimal 198)
   defining Unicode char U+00C7 (decimal 199)
   defining Unicode char U+00C8 (decimal 200)
   defining Unicode char U+00C9 (decimal 201)
   defining Unicode char U+00CA (decimal 202)
   defining Unicode char U+00CB (decimal 203)
   defining Unicode char U+00CC (decimal 204)
   defining Unicode char U+00CD (decimal 205)
   defining Unicode char U+00CE (decimal 206)
   defining Unicode char U+00CF (decimal 207)
   defining Unicode char U+00D0 (decimal 208)
   defining Unicode char U+00D1 (decimal 209)
   defining Unicode char U+00D2 (decimal 210)
   defining Unicode char U+00D3 (decimal 211)
   defining Unicode char U+00D4 (decimal 212)
   defining Unicode char U+00D5 (decimal 213)
   defining Unicode char U+00D6 (decimal 214)
   defining Unicode char U+00D8 (decimal 216)
   defining Unicode char U+00D9 (decimal 217)
   defining Unicode char U+00DA (decimal 218)
   defining Unicode char U+00DB (decimal 219)
   defining Unicode char U+00DC (decimal 220)
   defining Unicode char U+00DD (decimal 221)
   defining Unicode char U+00DE (decimal 222)
   defining Unicode char U+00DF (decimal 223)
   defining Unicode char U+00E0 (decimal 224)
   defining Unicode char U+00E1 (decimal 225)
   defining Unicode char U+00E2 (decimal 226)
   defining Unicode char U+00E3 (decimal 227)
   defining Unicode char U+00E4 (decimal 228)
   defining Unicode char U+00E5 (decimal 229)
   defining Unicode char U+00E6 (decimal 230)
   defining Unicode char U+00E7 (decimal 231)
   defining Unicode char U+00E8 (decimal 232)
   defining Unicode char U+00E9 (decimal 233)
   defining Unicode char U+00EA (decimal 234)
   defining Unicode char U+00EB (decimal 235)
   defining Unicode char U+00EC (decimal 236)
   defining Unicode char U+00ED (decimal 237)
   defining Unicode char U+00EE (decimal 238)
   defining Unicode char U+00EF (decimal 239)
   defining Unicode char U+00F0 (decimal 240)
   defining Unicode char U+00F1 (decimal 241)
   defining Unicode char U+00F2 (decimal 242)
   defining Unicode char U+00F3 (decimal 243)
   defining Unicode char U+00F4 (decimal 244)
   defining Unicode char U+00F5 (decimal 245)
   defining Unicode char U+00F6 (decimal 246)
   defining Unicode char U+00F8 (decimal 248)
   defining Unicode char U+00F9 (decimal 249)
   defining Unicode char U+00FA (decimal 250)
   defining Unicode char U+00FB (decimal 251)
   defining Unicode char U+00FC (decimal 252)
   defining Unicode char U+00FD (decimal 253)
   defining Unicode char U+00FE (decimal 254)
   defining Unicode char U+00FF (decimal 255)
   defining Unicode char U+0102 (decimal 258)
   defining Unicode char U+0103 (decimal 259)
   defining Unicode char U+0104 (decimal 260)
   defining Unicode char U+0105 (decimal 261)
   defining Unicode char U+0106 (decimal 262)
   defining Unicode char U+0107 (decimal 263)
   defining Unicode char U+010C (decimal 268)
   defining Unicode char U+010D (decimal 269)
   defining Unicode char U+010E (decimal 270)
   defining Unicode char U+010F (decimal 271)
   defining Unicode char U+0110 (decimal 272)
   defining Unicode char U+0111 (decimal 273)
   defining Unicode char U+0118 (decimal 280)
   defining Unicode char U+0119 (decimal 281)
   defining Unicode char U+011A (decimal 282)
   defining Unicode char U+011B (decimal 283)
   defining Unicode char U+011E (decimal 286)
   defining Unicode char U+011F (decimal 287)
   defining Unicode char U+0130 (decimal 304)
   defining Unicode char U+0131 (decimal 305)
   defining Unicode char U+0132 (decimal 306)
   defining Unicode char U+0133 (decimal 307)
   defining Unicode char U+0139 (decimal 313)
   defining Unicode char U+013A (decimal 314)
   defining Unicode char U+013D (decimal 317)
   defining Unicode char U+013E (decimal 318)
   defining Unicode char U+0141 (decimal 321)
   defining Unicode char U+0142 (decimal 322)
   defining Unicode char U+0143 (decimal 323)
   defining Unicode char U+0144 (decimal 324)
   defining Unicode char U+0147 (decimal 327)
   defining Unicode char U+0148 (decimal 328)
   defining Unicode char U+014A (decimal 330)
   defining Unicode char U+014B (decimal 331)
   defining Unicode char U+0150 (decimal 336)
   defining Unicode char U+0151 (decimal 337)
   defining Unicode char U+0152 (decimal 338)
   defining Unicode char U+0153 (decimal 339)
   defining Unicode char U+0154 (decimal 340)
   defining Unicode char U+0155 (decimal 341)
   defining Unicode char U+0158 (decimal 344)
   defining Unicode char U+0159 (decimal 345)
   defining Unicode char U+015A (decimal 346)
   defining Unicode char U+015B (decimal 347)
   defining Unicode char U+015E (decimal 350)
   defining Unicode char U+015F (decimal 351)
   defining Unicode char U+0160 (decimal 352)
   defining Unicode char U+0161 (decimal 353)
   defining Unicode char U+0162 (decimal 354)
   defining Unicode char U+0163 (decimal 355)
   defining Unicode char U+0164 (decimal 356)
   defining Unicode char U+0165 (decimal 357)
   defining Unicode char U+016E (decimal 366)
   defining Unicode char U+016F (decimal 367)
   defining Unicode char U+0170 (decimal 368)
   defining Unicode char U+0171 (decimal 369)
   defining Unicode char U+0178 (decimal 376)
   defining Unicode char U+0179 (decimal 377)
   defining Unicode char U+017A (decimal 378)
   defining Unicode char U+017B (decimal 379)
   defining Unicode char U+017C (decimal 380)
   defining Unicode char U+017D (decimal 381)
   defining Unicode char U+017E (decimal 382)
   defining Unicode char U+200C (decimal 8204)
   defining Unicode char U+2013 (decimal 8211)
   defining Unicode char U+2014 (decimal 8212)
   defining Unicode char U+2018 (decimal 8216)
   defining Unicode char U+2019 (decimal 8217)
   defining Unicode char U+201A (decimal 8218)
   defining Unicode char U+201C (decimal 8220)
   defining Unicode char U+201D (decimal 8221)
   defining Unicode char U+201E (decimal 8222)
   defining Unicode char U+2030 (decimal 8240)
   defining Unicode char U+2031 (decimal 8241)
   defining Unicode char U+2039 (decimal 8249)
   defining Unicode char U+203A (decimal 8250)
   defining Unicode char U+2423 (decimal 9251)
)
Now handling font encoding OT1 ...
... processing UTF-8 mapping file for font encoding OT1

(/usr/share/texlive/texmf-dist/tex/latex/base/ot1enc.dfu
File: ot1enc.dfu 2008/04/05 v1.1m UTF-8 support for inputenc
   defining Unicode char U+00A1 (decimal 161)
   defining Unicode char U+00A3 (decimal 163)
   defining Unicode char U+00B8 (decimal 184)
   defining Unicode char U+00BF (decimal 191)
   defining Unicode char U+00C5 (decimal 197)
   defining Unicode char U+00C6 (decimal 198)
   defining Unicode char U+00D8 (decimal 216)
   defining Unicode char U+00DF (decimal 223)
   defining Unicode char U+00E6 (decimal 230)
   defining Unicode char U+00EC (decimal 236)
   defining Unicode char U+00ED (decimal 237)
   defining Unicode char U+00EE (decimal 238)
   defining Unicode char U+00EF (decimal 239)
   defining Unicode char U+00F8 (decimal 248)
   defining Unicode char U+0131 (decimal 305)
   defining Unicode char U+0141 (decimal 321)
   defining Unicode char U+0142 (decimal 322)
   defining Unicode char U+0152 (decimal 338)
   defining Unicode char U+0153 (decimal 339)
   defining Unicode char U+2013 (decimal 8211)
   defining Unicode char U+2014 (decimal 8212)
   defining Unicode char U+2018 (decimal 8216)
   defining Unicode char U+2019 (decimal 8217)
   defining Unicode char U+201C (decimal 8220)
   defining Unicode char U+201D (decimal 8221)
)
Now handling font encoding OMS ...
... processing UTF-8 mapping file for font encoding OMS

(/usr/share/texlive/texmf-dist/tex/latex/base/omsenc.dfu
File: omsenc.dfu 2008/04/05 v1.1m UTF-8 support for inputenc
   defining Unicode char U+00A7 (decimal 167)
   defining Unicode char U+00B6 (decimal 182)
   defining Unicode char U+00B7 (decimal 183)
   defining Unicode char U+2020 (decimal 8224)
   defining Unicode char U+2021 (decimal 8225)
   defining Unicode char U+2022 (decimal 8226)
)
Now handling font encoding OMX ...
... no UTF-8 mapping file for font encoding OMX
Now handling font encoding U ...
... no UTF-8 mapping file for font encoding U
   defining Unicode char U+00A9 (decimal 169)
   defining Unicode char U+00AA (decimal 170)
   defining Unicode char U+00AE (decimal 174)
   defining Unicode char U+00BA (decimal 186)
   defining Unicode char U+02C6 (decimal 710)
   defining Unicode char U+02DC (decimal 732)
   defining Unicode char U+200C (decimal 8204)
   defining Unicode char U+2026 (decimal 8230)
   defining Unicode char U+2122 (decimal 8482)
   defining Unicode char U+2423 (decimal 9251)
))
(/usr/share/texmf/tex/latex/CJK/CJK.sty
Package: CJK 2012/05/07 4.8.3

(/usr/share/texmf/tex/latex/CJK/mule/MULEenc.sty
Package: MULEenc 2012/05/07 4.8.3
)
(/usr/share/texmf/tex/latex/CJK/CJK.enc
File: CJK.enc 2012/05/07 4.8.3
Now handling font encoding C00 ...
... no UTF-8 mapping file for font encoding C00
Now handling font encoding C05 ...
... no UTF-8 mapping file for font encoding C05
Now handling font encoding C09 ...
... no UTF-8 mapping file for font encoding C09
Now handling font encoding C10 ...
... no UTF-8 mapping file for font encoding C10
Now handling font encoding C20 ...
... no UTF-8 mapping file for font encoding C20
Now handling font encoding C19 ...
... no UTF-8 mapping file for font encoding C19
Now handling font encoding C40 ...
... no UTF-8 mapping file for font encoding C40
Now handling font encoding C42 ...
... no UTF-8 mapping file for font encoding C42
Now handling font encoding C43 ...
... no UTF-8 mapping file for font encoding C43
Now handling font encoding C50 ...
... no UTF-8 mapping file for font encoding C50
Now handling font encoding C52 ...
... no UTF-8 mapping file for font encoding C52
Now handling font encoding C49 ...
... no UTF-8 mapping file for font encoding C49
Now handling font encoding C60 ...
... no UTF-8 mapping file for font encoding C60
Now handling font encoding C61 ...
... no UTF-8 mapping file for font encoding C61
Now handling font encoding C63 ...
... no UTF-8 mapping file for font encoding C63
Now handling font encoding C64 ...
... no UTF-8 mapping file for font encoding C64
Now handling font encoding C65 ...
... no UTF-8 mapping file for font encoding C65
Now handling font encoding C70 ...
... no UTF-8 mapping file for font encoding C70
Now handling font encoding C31 ...
... no UTF-8 mapping file for font encoding C31
Now handling font encoding C32 ...
... no UTF-8 mapping file for font encoding C32
Now handling font encoding C33 ...
... no UTF-8 mapping file for font encoding C33
Now handling font encoding C34 ...
... no UTF-8 mapping file for font encoding C34
Now handling font encoding C35 ...
... no UTF-8 mapping file for font encoding C35
Now handling font encoding C36 ...
... no UTF-8 mapping file for font encoding C36
Now handling font encoding C37 ...
... no UTF-8 mapping file for font encoding C37
Now handling font encoding C80 ...
... no UTF-8 mapping file for font encoding C80
Now handling font encoding C81 ...
... no UTF-8 mapping file for font encoding C81
Now handling font encoding C01 ...
... no UTF-8 mapping file for font encoding C01
Now handling font encoding C11 ...
... no UTF-8 mapping file for font encoding C11
Now handling font encoding C21 ...
... no UTF-8 mapping file for font encoding C21
Now handling font encoding C41 ...
... no UTF-8 mapping file for font encoding C41
Now handling font encoding C62 ...
... no UTF-8 mapping file for font encoding C62
)
LaTeX Info: Redefining \selectfont on input line 755.
\CJK@indent=\box26
)
(/usr/share/texlive/texmf-dist/tex/latex/base/fontenc.sty
Package: fontenc 2005/09/27 v1.99g Standard LaTeX package
))
(/usr/share/texlive/texmf-dist/tex/latex/base/fontenc.sty
Package: fontenc 2005/09/27 v1.99g Standard LaTeX package

(/usr/share/texlive/texmf-dist/tex/latex/base/t1enc.def
File: t1enc.def 2005/09/27 v1.99g Standard LaTeX file
LaTeX Font Info:    Redeclaring font encoding T1 on input line 43.
))
(/usr/share/texlive/texmf-dist/tex/latex/bera/beramono.sty
Package: beramono 2004/01/31 (WaS)

(/usr/share/texlive/texmf-dist/tex/latex/graphics/keyval.sty
Package: keyval 1999/03/16 v1.13 key=value parser (DPC)
\KV@toks@=\toks16
))
(/usr/share/texlive/texmf-dist/tex/latex/graphics/graphicx.sty
Package: graphicx 1999/02/16 v1.0f Enhanced LaTeX Graphics (DPC,SPQR)

(/usr/share/texlive/texmf-dist/tex/latex/graphics/graphics.sty
Package: graphics 2009/02/05 v1.0o Standard LaTeX Graphics (DPC,SPQR)

(/usr/share/texlive/texmf-dist/tex/latex/graphics/trig.sty
Package: trig 1999/03/16 v1.09 sin cos tan (DPC)
)
(/usr/share/texlive/texmf-dist/tex/latex/latexconfig/graphics.cfg
File: graphics.cfg 2010/04/23 v1.9 graphics configuration of TeX Live
)
Package graphics Info: Driver file: pdftex.def on input line 91.

(/usr/share/texlive/texmf-dist/tex/latex/pdftex-def/pdftex.def
File: pdftex.def 2011/05/27 v0.06d Graphics/color for pdfTeX

(/usr/share/texlive/texmf-dist/tex/generic/oberdiek/infwarerr.sty
Package: infwarerr 2010/04/08 v1.3 Providing info/warning/error messages (HO)
)
(/usr/share/texlive/texmf-dist/tex/generic/oberdiek/ltxcmds.sty
Package: ltxcmds 2011/11/09 v1.22 LaTeX kernel commands for general use (HO)
)
\Gread@gobject=\count87
))
\Gin@req@height=\dimen103
\Gin@req@width=\dimen104
)
(/usr/share/texlive/texmf-dist/tex/latex/graphics/epsfig.sty
Package: epsfig 1999/02/16 v1.7a (e)psfig emulation (SPQR)
\epsfxsize=\dimen105
\epsfysize=\dimen106
)
(/usr/share/texlive/texmf-dist/tex/latex/subfigure/subfigure.sty
Package: subfigure 2002/03/15 v2.1.5 subfigure package
\subfigtopskip=\skip43
\subfigcapskip=\skip44
\subfigcaptopadj=\dimen107
\subfigbottomskip=\skip45
\subfigcapmargin=\dimen108
\subfiglabelskip=\skip46
\c@subfigure=\count88
\c@lofdepth=\count89
\c@subtable=\count90
\c@lotdepth=\count91

****************************************
* Local config file subfigure.cfg used *
****************************************
(/usr/share/texlive/texmf-dist/tex/latex/subfigure/subfigure.cfg)
\subfig@top=\skip47
\subfig@bottom=\skip48
)
(/usr/share/texlive/texmf-dist/tex/latex/graphics/color.sty
Package: color 2005/11/14 v1.0j Standard LaTeX Color (DPC)

(/usr/share/texlive/texmf-dist/tex/latex/latexconfig/color.cfg
File: color.cfg 2007/01/18 v1.5 color configuration of teTeX/TeXLive
)
Package color Info: Driver file: pdftex.def on input line 130.
)
(/usr/share/texlive/texmf-dist/tex/latex/listings/listings.sty
\lst@mode=\count92
\lst@gtempboxa=\box27
\lst@token=\toks17
\lst@length=\count93
\lst@currlwidth=\dimen109
\lst@column=\count94
\lst@pos=\count95
\lst@lostspace=\dimen110
\lst@width=\dimen111
\lst@newlines=\count96
\lst@lineno=\count97
\lst@maxwidth=\dimen112

(/usr/share/texlive/texmf-dist/tex/latex/listings/lstmisc.sty
File: lstmisc.sty 2013/08/26 1.5b (Carsten Heinz)
\c@lstnumber=\count98
\lst@skipnumbers=\count99
\lst@framebox=\box28
)
(/usr/share/texlive/texmf-dist/tex/latex/listings/listings.cfg
File: listings.cfg 2013/08/26 1.5b listings configuration
))
Package: listings 2013/08/26 1.5b (Carsten Heinz)

(/usr/share/texlive/texmf-dist/tex/latex/listings/lstlang1.sty
File: lstlang1.sty 2013/08/26 1.5b listings language file
)
(/usr/share/texlive/texmf-dist/tex/latex/listings/lstmisc.sty
File: lstmisc.sty 2013/08/26 1.5b (Carsten Heinz)
)
No file report1.aux.
\openout1 = `report1.aux'.

LaTeX Font Info:    Checking defaults for OML/cmm/m/it on input line 27.
LaTeX Font Info:    ... okay on input line 27.
LaTeX Font Info:    Checking defaults for T1/cmr/m/n on input line 27.
LaTeX Font Info:    ... okay on input line 27.
LaTeX Font Info:    Checking defaults for OT1/cmr/m/n on input line 27.
LaTeX Font Info:    ... okay on input line 27.
LaTeX Font Info:    Checking defaults for OMS/cmsy/m/n on input line 27.
LaTeX Font Info:    ... okay on input line 27.
LaTeX Font Info:    Checking defaults for OMX/cmex/m/n on input line 27.
LaTeX Font Info:    ... okay on input line 27.
LaTeX Font Info:    Checking defaults for U/cmr/m/n on input line 27.
LaTeX Font Info:    ... okay on input line 27.
LaTeX Font Info:    Checking defaults for C00/song/m/n on input line 27.
LaTeX Font Info:    ... okay on input line 27.
LaTeX Font Info:    Checking defaults for C05/song/m/n on input line 27.
LaTeX Font Info:    ... okay on input line 27.
LaTeX Font Info:    Checking defaults for C09/song/m/n on input line 27.
LaTeX Font Info:    ... okay on input line 27.
LaTeX Font Info:    Checking defaults for C10/song/m/n on input line 27.
LaTeX Font Info:    ... okay on input line 27.
LaTeX Font Info:    Checking defaults for C20/song/m/n on input line 27.
LaTeX Font Info:    ... okay on input line 27.
LaTeX Font Info:    Checking defaults for C19/song/m/n on input line 27.
LaTeX Font Info:    ... okay on input line 27.
LaTeX Font Info:    Checking defaults for C40/song/m/n on input line 27.
LaTeX Font Info:    ... okay on input line 27.
LaTeX Font Info:    Checking defaults for C42/song/m/n on input line 27.
LaTeX Font Info:    ... okay on input line 27.
LaTeX Font Info:    Checking defaults for C43/song/m/n on input line 27.
LaTeX Font Info:    ... okay on input line 27.
LaTeX Font Info:    Checking defaults for C50/song/m/n on input line 27.
LaTeX Font Info:    ... okay on input line 27.
LaTeX Font Info:    Checking defaults for C52/song/m/n on input line 27.
LaTeX Font Info:    ... okay on input line 27.
LaTeX Font Info:    Checking defaults for C49/song/m/n on input line 27.
LaTeX Font Info:    ... okay on input line 27.
LaTeX Font Info:    Checking defaults for C60/mj/m/n on input line 27.
LaTeX Font Info:    ... okay on input line 27.
LaTeX Font Info:    Checking defaults for C61/mj/m/n on input line 27.
LaTeX Font Info:    ... okay on input line 27.
LaTeX Font Info:    Checking defaults for C63/mj/m/n on input line 27.
LaTeX Font Info:    ... okay on input line 27.
LaTeX Font Info:    Checking defaults for C64/mj/m/n on input line 27.
LaTeX Font Info:    ... okay on input line 27.
LaTeX Font Info:    Checking defaults for C65/mj/m/n on input line 27.
LaTeX Font Info:    ... okay on input line 27.
LaTeX Font Info:    Checking defaults for C70/song/m/n on input line 27.
LaTeX Font Info:    ... okay on input line 27.
LaTeX Font Info:    Checking defaults for C31/song/m/n on input line 27.
LaTeX Font Info:    ... okay on input line 27.
LaTeX Font Info:    Checking defaults for C32/song/m/n on input line 27.
LaTeX Font Info:    ... okay on input line 27.
LaTeX Font Info:    Checking defaults for C33/song/m/n on input line 27.
LaTeX Font Info:    ... okay on input line 27.
LaTeX Font Info:    Checking defaults for C34/song/m/n on input line 27.
LaTeX Font Info:    ... okay on input line 27.
LaTeX Font Info:    Checking defaults for C35/song/m/n on input line 27.
LaTeX Font Info:    ... okay on input line 27.
LaTeX Font Info:    Checking defaults for C36/song/m/n on input line 27.
LaTeX Font Info:    ... okay on input line 27.
LaTeX Font Info:    Checking defaults for C37/song/m/n on input line 27.
LaTeX Font Info:    ... okay on input line 27.
LaTeX Font Info:    Checking defaults for C80/song/m/n on input line 27.
LaTeX Font Info:    ... okay on input line 27.
LaTeX Font Info:    Checking defaults for C81/song/m/n on input line 27.
LaTeX Font Info:    ... okay on input line 27.
LaTeX Font Info:    Checking defaults for C01/song/m/n on input line 27.
LaTeX Font Info:    ... okay on input line 27.
LaTeX Font Info:    Checking defaults for C11/song/m/n on input line 27.
LaTeX Font Info:    ... okay on input line 27.
LaTeX Font Info:    Checking defaults for C21/song/m/n on input line 27.
LaTeX Font Info:    ... okay on input line 27.
LaTeX Font Info:    Checking defaults for C41/song/m/n on input line 27.
LaTeX Font Info:    ... okay on input line 27.
LaTeX Font Info:    Checking defaults for C62/song/m/n on input line 27.
LaTeX Font Info:    ... okay on input line 27.
(/usr/share/texlive/texmf-dist/tex/context/base/supp-pdf.mkii
[Loading MPS to PDF converter (version 2006.09.02).]
\scratchcounter=\count100
\scratchdimen=\dimen113
\scratchbox=\box29
\nofMPsegments=\count101
\nofMParguments=\count102
\everyMPshowfont=\toks18
\MPscratchCnt=\count103
\MPscratchDim=\dimen114
\MPnumerator=\count104
\makeMPintoPDFobject=\count105
\everyMPtoPDFconversion=\toks19
) (/usr/share/texlive/texmf-dist/tex/generic/oberdiek/pdftexcmds.sty
Package: pdftexcmds 2011/11/29 v0.20 Utility functions of pdfTeX for LuaTeX (HO
)

(/usr/share/texlive/texmf-dist/tex/generic/oberdiek/ifluatex.sty
Package: ifluatex 2010/03/01 v1.3 Provides the ifluatex switch (HO)
Package ifluatex Info: LuaTeX not detected.
)
Package pdftexcmds Info: LuaTeX not detected.
Package pdftexcmds Info: \pdf@primitive is available.
Package pdftexcmds Info: \pdf@ifprimitive is available.
Package pdftexcmds Info: \pdfdraftmode found.
)
(/usr/share/texlive/texmf-dist/tex/latex/oberdiek/epstopdf-base.sty
Package: epstopdf-base 2010/02/09 v2.5 Base part for package epstopdf

(/usr/share/texlive/texmf-dist/tex/latex/oberdiek/grfext.sty
Package: grfext 2010/08/19 v1.1 Manage graphics extensions (HO)

(/usr/share/texlive/texmf-dist/tex/generic/oberdiek/kvdefinekeys.sty
Package: kvdefinekeys 2011/04/07 v1.3 Define keys (HO)
))
(/usr/share/texlive/texmf-dist/tex/latex/oberdiek/kvoptions.sty
Package: kvoptions 2011/06/30 v3.11 Key value format for package options (HO)

(/usr/share/texlive/texmf-dist/tex/generic/oberdiek/kvsetkeys.sty
Package: kvsetkeys 2012/04/25 v1.16 Key value parser (HO)

(/usr/share/texlive/texmf-dist/tex/generic/oberdiek/etexcmds.sty
Package: etexcmds 2011/02/16 v1.5 Avoid name clashes with e-TeX commands (HO)
Package etexcmds Info: Could not find \expanded.
(etexcmds)             That can mean that you are not using pdfTeX 1.50 or
(etexcmds)             that some package has redefined \expanded.
(etexcmds)             In the latter case, load this package earlier.
)))
Package grfext Info: Graphics extension search list:
(grfext)             [.png,.pdf,.jpg,.mps,.jpeg,.jbig2,.jb2,.PNG,.PDF,.JPG,.JPE
G,.JBIG2,.JB2,.eps]
(grfext)             \AppendGraphicsExtensions on input line 452.

(/usr/share/texlive/texmf-dist/tex/latex/latexconfig/epstopdf-sys.cfg
File: epstopdf-sys.cfg 2010/07/13 v1.3 Configuration of (r)epstopdf for TeX Liv
e
))
\c@lstlisting=\count106

(/usr/share/texmf/tex/latex/CJK/UTF8/UTF8.bdg
File: UTF8.bdg 2012/05/07 4.8.3
)
(/usr/share/texmf/tex/latex/CJK/UTF8/UTF8.enc
File: UTF8.enc 2012/05/07 4.8.3
)
(/usr/share/texmf/tex/latex/CJK/UTF8/UTF8.chr
File: UTF8.chr 2012/05/07 4.8.3
)
LaTeX Font Info:    Try loading font information for C70+gbsn on input line 33.


(/usr/share/texmf/tex/latex/CJK/UTF8/c70gbsn.fd
File: c70gbsn.fd 2008/10/03 4.8.1
)
(/usr/share/texmf/tex/latex/CJK/UTF8/c70gbsn.fdx
File: c70gbsn.fdx 2012/05/07 4.8.3
)
LaTeX Font Info:    External font `cmex10' loaded for size
(Font)              <12> on input line 33.
LaTeX Font Info:    External font `cmex10' loaded for size
(Font)              <8> on input line 33.
LaTeX Font Info:    External font `cmex10' loaded for size
(Font)              <6> on input line 33.

Overfull \hbox (1.6265pt too wide) in paragraph at lines 47--60
\T1/cmr/m/n/10 e. \C70/gbsn/m/n/10/6d ˚ \C70/gbsn/m/n/10/52 † \C70/gbsn/m/n/10/
6d K \C70/gbsn/m/n/10/8b ’ \C70/gbsn/m/n/10/68 7 \C70/gbsn/m/n/10/4f ã \C70/gbs
n/m/n/10/6e ê \C70/gbsn/m/n/10/4e „ \C70/gbsn/m/n/10/78 ^^A \C70/gbsn/m/n/10/30
 ^^B \C70/gbsn/m/n/10/57 ( \C70/gbsn/m/n/10/5d Â \C70/gbsn/m/n/10/7a  \C70/gbs
n/m/n/10/90 	 \C70/gbsn/m/n/10/53 U \C70/gbsn/m/n/10/4e 
 \C70/gbsn/m/n/10/53 Û \C70/gbsn/m/n/10/51 ˚ \C70/gbsn/m/n/10/9f   \C70/gbsn/m/
n/10/68 ^^G\T1/cmr/m/n/10 ,\C70/gbsn/m/n/10/5f 9 \C70/gbsn/m/n/10/51 ˙\T1/cmr/m
/n/10 "Add File(s) to Project..",
 []

[1

{/var/lib/texmf/fonts/map/pdftex/updmap/pdftex.map}]

LaTeX Warning: File `2.jpg' not found on input line 84.


! Package pdftex.def Error: File `2.jpg' not found.

See the pdftex.def package documentation for explanation.
Type  H <return>  for immediate help.
 ...                                              
                                                  
l.84 \includegraphics[width=2.2in]{2.jpg}
                                         
Using draft setting for this image.
Try typing  <return>  to proceed.
If that doesn't work, type  X <return>  to quit.

LaTeX Font Info:    Try loading font information for T1+fvm on input line 84.
(/usr/share/texlive/texmf-dist/tex/latex/bera/t1fvm.fd
File: t1fvm.fd 2004/09/07 scalable font definitions for T1/fvm.
)
LaTeX Font Info:    Font shape `T1/fvm/m/n' will be
(Font)              scaled to size 8.99994pt on input line 84.


LaTeX Warning: File `2_2.jpg' not found on input line 89.


! Package pdftex.def Error: File `2_2.jpg' not found.

See the pdftex.def package documentation for explanation.
Type  H <return>  for immediate help.
 ...                                              
                                                  
l.89 \includegraphics[width=2.2in]{2_2.jpg}
                                           
Using draft setting for this image.
Try typing  <return>  to proceed.
If that doesn't work, type  X <return>  to quit.


LaTeX Warning: File `3.jpg' not found on input line 96.


! Package pdftex.def Error: File `3.jpg' not found.

See the pdftex.def package documentation for explanation.
Type  H <return>  for immediate help.
 ...                                              
                                                  
l.96 \includegraphics[width=2.2in]{3.jpg}
                                         
Using draft setting for this image.
Try typing  <return>  to proceed.
If that doesn't work, type  X <return>  to quit.


LaTeX Warning: File `4.jpg' not found on input line 101.


! Package pdftex.def Error: File `4.jpg' not found.

See the pdftex.def package documentation for explanation.
Type  H <return>  for immediate help.
 ...                                              
                                                  
l.101 \includegraphics[width=2.2in]{4.jpg}
                                          
Using draft setting for this image.
Try typing  <return>  to proceed.
If that doesn't work, type  X <return>  to quit.

[2] [3]

LaTeX Warning: File `5.jpg' not found on input line 128.


! Package pdftex.def Error: File `5.jpg' not found.

See the pdftex.def package documentation for explanation.
Type  H <return>  for immediate help.
 ...                                              
                                                  
l.128 \includegraphics[width=4.2in]{5.jpg}
                                          
Using draft setting for this image.
Try typing  <return>  to proceed.
If that doesn't work, type  X <return>  to quit.


LaTeX Warning: `!h' float specifier changed to `!ht'.

[4]

LaTeX Warning: File `6.jpg' not found on input line 152.


! Package pdftex.def Error: File `6.jpg' not found.

See the pdftex.def package documentation for explanation.
Type  H <return>  for immediate help.
 ...                                              
                                                  
l.152 \includegraphics[width=4.5in]{6.jpg}
                                          
Using draft setting for this image.
Try typing  <return>  to proceed.
If that doesn't work, type  X <return>  to quit.

[5] [6]
Missing character: There is no ^^R in font gbsnu22!
Missing character: There is no ^^R in font gbsnu22!
Missing character: There is no ^^R in font gbsnu22!
Missing character: There is no ^^R in font gbsnu22!
Missing character: There is no ^^R in font gbsnu22!
Missing character: There is no ^^R in font gbsnu22!
Missing character: There is no ^^R in font gbsnu22!
Missing character: There is no ^^R in font gbsnu22!
 [7]
Missing character: There is no ^^R in font gbsnu22!
Missing character: There is no ^^R in font gbsnu22!
Missing character: There is no ^^R in font gbsnu22!
Missing character: There is no ^^R in font gbsnu22!
Missing character: There is no ^^R in font gbsnu22!
Missing character: There is no ^^R in font gbsnu22!

Overfull \hbox (24.52103pt too wide) in paragraph at lines 203--203
[]\C70/gbsn/bx/n/12/4e ˚[][] \C70/gbsn/bx/n/12/52 °[][] \C70/gbsn/bx/n/12/4e î[
][] \C70/gbsn/bx/n/12/ff ^^Z[][] \C70/gbsn/bx/n/12/7c ˚[][] \C70/gbsn/bx/n/12/7
e ﬂ[][] \C70/gbsn/bx/n/12/9a å[][] \C70/gbsn/bx/n/12/8b ¡[][]\T1/cmr/bx/n/12 ^^
V^^V\C70/gbsn/bx/n/12/8f –[][] \C70/gbsn/bx/n/12/88 L[][] \C70/gbsn/bx/n/12/7a 
À[][] \C70/gbsn/bx/n/12/4f S[][] \C70/gbsn/bx/n/12/58 [][] \C70/gbsn/bx/n/12/9
7 Û[][] \C70/gbsn/bx/n/12/4e P[][] \C70/gbsn/bx/n/12/76 Ù[][] \C70/gbsn/bx/n/12
/90 ^^Z[][] \C70/gbsn/bx/n/12/4f ã[][] \C70/gbsn/bx/n/12/7a [][]\T1/cmr/bx/n/1
2 Talk[][]Through 
 []

Missing character: There is no ^^R in font gbsnu22!
LaTeX Font Info:    External font `cmex10' loaded for size
(Font)              <7> on input line 209.
LaTeX Font Info:    External font `cmex10' loaded for size
(Font)              <5> on input line 209.

Underfull \hbox (badness 10000) in paragraph at lines 221--228

 []

[8]
LaTeX Font Info:    Font shape `T1/fvm/bx/n' in size <10> not available
(Font)              Font shape `T1/fvm/b/n' tried instead on input line 229.
LaTeX Font Info:    Font shape `T1/fvm/b/n' will be
(Font)              scaled to size 8.99994pt on input line 229.

Overfull \hbox (16.02673pt too wide) in paragraph at lines 260--266
\C70/gbsn/bx/n/10/95 Ù \T1/cmr/m/n/10 iChan-nel0LeftOut,iChannel0RightOut,iChan
nel1LeftOut\C70/gbsn/bx/n/10/54 å \T1/cmr/m/n/10 iChan-nel1RightOut,
 []


Overfull \hbox (3.12451pt too wide) in paragraph at lines 260--266
\C70/gbsn/bx/n/10/8f Ÿ \C70/gbsn/bx/n/10/4e õ \C70/gbsn/bx/n/10/53 ÿ \C70/gbsn/
bx/n/10/91 œ \C70/gbsn/bx/n/10/53 » \C70/gbsn/m/n/10/88 ´ \C70/gbsn/bx/n/10/8f 
l \C70/gbsn/bx/n/10/51 e \C70/gbsn/bx/n/10/53 — \C70/gbsn/bx/n/10/90 ^^A \C70/g
bsn/bx/n/10/7f ^^S \C70/gbsn/bx/n/10/5b X \C70/gbsn/bx/n/10/56 h \T1/cmr/m/n/10
 iTxBuffer1, \C70/gbsn/bx/n/10/54 ^^L \C70/gbsn/bx/n/10/65 ˆ \C70/gbsn/bx/n/10/
90 ^^Z \C70/gbsn/bx/n/10/8f « \T1/cmr/m/n/10 DMA2@BF533 \C70/gbsn/bx/n/10/62 ^^
V \T1/cmr/m/n/10 DMA2_1
 []

[9]
Overfull \hbox (0.85571pt too wide) in paragraph at lines 293--296
\C70/gbsn/bx/n/10/7b T \C70/gbsn/bx/n/10/68 H \C70/gbsn/bx/n/10/ff ^^Z\T1/cmr/m
/n/10 simulation\C70/gbsn/m/n/10/66 / \C70/gbsn/bx/n/10/8f o \C70/gbsn/bx/n/10/
4e ˆ ˇ \C70/gbsn/bx/n/10/77 ^^_\T1/cmr/m/n/10 ,\C70/gbsn/bx/n/10/80 ^^L\T1/cmr/
m/n/10 emulation\C70/gbsn/m/n/10/66 / \C70/gbsn/bx/n/10/78 l \C70/gbsn/bx/n/10/
4e ˆ ˇ \C70/gbsn/bx/n/10/77 ^^_ \C70/gbsn/bx/n/10/ff ^^L\T1/cmr/m/n/10 evaluati
on\C70/gbsn/m/n/10/66 / \C70/gbsn/bx/n/10/78 l \C70/gbsn/bx/n/10/4e ˆ \C70/gbsn
/bx/n/10/8b ƒ \C70/gbsn/bx/n/10/4f 0 \C70/gbsn/bx/n/10/30 ^^B 
 []


Overfull \hbox (3.16162pt too wide) in paragraph at lines 293--296
\T1/cmr/m/n/10 simulation\C70/gbsn/bx/n/10/4f ^^? \C70/gbsn/bx/n/10/75 (\T1/cmr
/m/n/10 IDDE\C70/gbsn/bx/n/10/54 å \C70/gbsn/bx/n/10/8f o \C70/gbsn/bx/n/10/4e 
ˆ\T1/cmr/m/n/10 simulator\C70/gbsn/bx/n/10/30 ^^B\T1/cmr/m/n/10 emulation\C70/g
bsn/bx/n/10/4f ^^? \C70/gbsn/bx/n/10/75 ( \C70/gbsn/bx/n/10/76 Ñ\T1/cmr/m/n/10 
EZICE\C70/gbsn/bx/n/10/54 å\T1/cmr/m/n/10 In Cir-cuit Em-
 []


Underfull \hbox (badness 10000) in paragraph at lines 297--306

 []

[10] [11] (./report1.aux) ) 
Here is how much of TeX's memory you used:
 6985 strings out of 493304
 93450 string characters out of 6139871
 174905 words of memory out of 5000000
 10026 multiletter control sequences out of 15000+600000
 55650 words of font info for 188 fonts, out of 8000000 for 9000
 957 hyphenation exceptions out of 8191
 38i,8n,49p,8710b,2703s stack positions out of 5000i,500n,10000p,200000b,80000s
{/usr/share/texlive/texmf-dist/fonts/enc/dvips/base/
8r.enc}{/usr/share/texmf/fonts/enc/dvips/cm-super/cm-super-t1.enc}</usr/share/t
exlive/texmf-dist/fonts/type1/public/amsfonts/cm/cmmi10.pfb></usr/share/texlive
/texmf-dist/fonts/type1/public/amsfonts/cm/cmr7.pfb></usr/share/texlive/texmf-d
ist/fonts/type1/public/bera/fvmb8a.pfb></usr/share/texlive/texmf-dist/fonts/typ
e1/public/bera/fvmr8a.pfb></usr/share/texmf/fonts/type1/arphic/gbsnu/gbsnu22.pf
b></usr/share/texmf/fonts/type1/arphic/gbsnu/gbsnu30.pfb></usr/share/texmf/font
s/type1/arphic/gbsnu/gbsnu4e.pfb></usr/share/texmf/fonts/type1/arphic/gbsnu/gbs
nu4f.pfb></usr/share/texmf/fonts/type1/arphic/gbsnu/gbsnu50.pfb></usr/share/tex
mf/fonts/type1/arphic/gbsnu/gbsnu51.pfb></usr/share/texmf/fonts/type1/arphic/gb
snu/gbsnu52.pfb></usr/share/texmf/fonts/type1/arphic/gbsnu/gbsnu53.pfb></usr/sh
are/texmf/fonts/type1/arphic/gbsnu/gbsnu54.pfb></usr/share/texmf/fonts/type1/ar
phic/gbsnu/gbsnu56.pfb></usr/share/texmf/fonts/type1/arphic/gbsnu/gbsnu57.pfb><
/usr/share/texmf/fonts/type1/arphic/gbsnu/gbsnu58.pfb></usr/share/texmf/fonts/t
ype1/arphic/gbsnu/gbsnu59.pfb></usr/share/texmf/fonts/type1/arphic/gbsnu/gbsnu5
b.pfb></usr/share/texmf/fonts/type1/arphic/gbsnu/gbsnu5c.pfb></usr/share/texmf/
fonts/type1/arphic/gbsnu/gbsnu5d.pfb></usr/share/texmf/fonts/type1/arphic/gbsnu
/gbsnu5e.pfb></usr/share/texmf/fonts/type1/arphic/gbsnu/gbsnu5f.pfb></usr/share
/texmf/fonts/type1/arphic/gbsnu/gbsnu60.pfb></usr/share/texmf/fonts/type1/arphi
c/gbsnu/gbsnu61.pfb></usr/share/texmf/fonts/type1/arphic/gbsnu/gbsnu62.pfb></us
r/share/texmf/fonts/type1/arphic/gbsnu/gbsnu63.pfb></usr/share/texmf/fonts/type
1/arphic/gbsnu/gbsnu64.pfb></usr/share/texmf/fonts/type1/arphic/gbsnu/gbsnu65.p
fb></usr/share/texmf/fonts/type1/arphic/gbsnu/gbsnu66.pfb></usr/share/texmf/fon
ts/type1/arphic/gbsnu/gbsnu67.pfb></usr/share/texmf/fonts/type1/arphic/gbsnu/gb
snu68.pfb></usr/share/texmf/fonts/type1/arphic/gbsnu/gbsnu6a.pfb></usr/share/te
xmf/fonts/type1/arphic/gbsnu/gbsnu6b.pfb></usr/share/texmf/fonts/type1/arphic/g
bsnu/gbsnu6c.pfb></usr/share/texmf/fonts/type1/arphic/gbsnu/gbsnu6d.pfb></usr/s
hare/texmf/fonts/type1/arphic/gbsnu/gbsnu6e.pfb></usr/share/texmf/fonts/type1/a
rphic/gbsnu/gbsnu6f.pfb></usr/share/texmf/fonts/type1/arphic/gbsnu/gbsnu70.pfb>
</usr/share/texmf/fonts/type1/arphic/gbsnu/gbsnu71.pfb></usr/share/texmf/fonts/
type1/arphic/gbsnu/gbsnu72.pfb></usr/share/texmf/fonts/type1/arphic/gbsnu/gbsnu
73.pfb></usr/share/texmf/fonts/type1/arphic/gbsnu/gbsnu74.pfb></usr/share/texmf
/fonts/type1/arphic/gbsnu/gbsnu75.pfb></usr/share/texmf/fonts/type1/arphic/gbsn
u/gbsnu76.pfb></usr/share/texmf/fonts/type1/arphic/gbsnu/gbsnu77.pfb></usr/shar
e/texmf/fonts/type1/arphic/gbsnu/gbsnu78.pfb></usr/share/texmf/fonts/type1/arph
ic/gbsnu/gbsnu79.pfb></usr/share/texmf/fonts/type1/arphic/gbsnu/gbsnu7a.pfb></u
sr/share/texmf/fonts/type1/arphic/gbsnu/gbsnu7b.pfb></usr/share/texmf/fonts/typ
e1/arphic/gbsnu/gbsnu7c.pfb></usr/share/texmf/fonts/type1/arphic/gbsnu/gbsnu7e.
pfb></usr/share/texmf/fonts/type1/arphic/gbsnu/gbsnu7f.pfb></usr/share/texmf/fo
nts/type1/arphic/gbsnu/gbsnu80.pfb></usr/share/texmf/fonts/type1/arphic/gbsnu/g
bsnu81.pfb></usr/share/texmf/fonts/type1/arphic/gbsnu/gbsnu82.pfb></usr/share/t
exmf/fonts/type1/arphic/gbsnu/gbsnu83.pfb></usr/share/texmf/fonts/type1/arphic/
gbsnu/gbsnu88.pfb></usr/share/texmf/fonts/type1/arphic/gbsnu/gbsnu89.pfb></usr/
share/texmf/fonts/type1/arphic/gbsnu/gbsnu8a.pfb></usr/share/texmf/fonts/type1/
arphic/gbsnu/gbsnu8b.pfb></usr/share/texmf/fonts/type1/arphic/gbsnu/gbsnu8c.pfb
></usr/share/texmf/fonts/type1/arphic/gbsnu/gbsnu8d.pfb></usr/share/texmf/fonts
/type1/arphic/gbsnu/gbsnu8e.pfb></usr/share/texmf/fonts/type1/arphic/gbsnu/gbsn
u8f.pfb></usr/share/texmf/fonts/type1/arphic/gbsnu/gbsnu90.pfb></usr/share/texm
f/fonts/type1/arphic/gbsnu/gbsnu91.pfb></usr/share/texmf/fonts/type1/arphic/gbs
nu/gbsnu94.pfb></usr/share/texmf/fonts/type1/arphic/gbsnu/gbsnu95.pfb></usr/sha
re/texmf/fonts/type1/arphic/gbsnu/gbsnu96.pfb></usr/share/texmf/fonts/type1/arp
hic/gbsnu/gbsnu97.pfb></usr/share/texmf/fonts/type1/arphic/gbsnu/gbsnu98.pfb></
usr/share/texmf/fonts/type1/arphic/gbsnu/gbsnu99.pfb></usr/share/texmf/fonts/ty
pe1/arphic/gbsnu/gbsnu9a.pfb></usr/share/texmf/fonts/type1/arphic/gbsnu/gbsnu9e
.pfb></usr/share/texmf/fonts/type1/arphic/gbsnu/gbsnu9f.pfb></usr/share/texmf/f
onts/type1/arphic/gbsnu/gbsnuff.pfb></usr/share/texmf/fonts/type1/public/cm-sup
er/sfbx1000.pfb></usr/share/texmf/fonts/type1/public/cm-super/sfbx1200.pfb></us
r/share/texmf/fonts/type1/public/cm-super/sfbx1440.pfb></usr/share/texmf/fonts/
type1/public/cm-super/sfrm1000.pfb></usr/share/texmf/fonts/type1/public/cm-supe
r/sfrm1200.pfb>
Output written on report1.pdf (11 pages, 640861 bytes).
PDF statistics:
 440 PDF objects out of 1000 (max. 8388607)
 271 compressed objects within 3 object streams
 0 named destinations out of 1000 (max. 500000)
 289 words of extra memory for PDF output out of 10000 (max. 10000000)

